\BOOKMARK [1][-]{Doc-Start}{Abstracts}{}% 1
\BOOKMARK [1][-]{section.1}{INTRODUCTION}{}% 2
\BOOKMARK [2][-]{subsection.1.1}{Background Information}{section.1}% 3
\BOOKMARK [2][-]{subsection.1.2}{Differential Equations}{section.1}% 4
\BOOKMARK [3][-]{subsubsection.1.2.1}{Types of Differential Equations}{subsection.1.2}% 5
\BOOKMARK [3][-]{subsubsection.1.2.2}{Classification of Differential Equations}{subsection.1.2}% 6
\BOOKMARK [3][-]{subsubsection.1.2.3}{Type of function}{subsection.1.2}% 7
\BOOKMARK [3][-]{subsubsection.1.2.4}{Solution of Differential Equation}{subsection.1.2}% 8
\BOOKMARK [2][-]{subsection.1.3}{Basic Concept and Principles}{section.1}% 9
\BOOKMARK [3][-]{subsubsection.1.3.1}{Power Series}{subsection.1.3}% 10
\BOOKMARK [3][-]{subsubsection.1.3.2}{Taylor's Theorem}{subsection.1.3}% 11
\BOOKMARK [3][-]{subsubsection.1.3.3}{Linear Multi-step Method}{subsection.1.3}% 12
\BOOKMARK [3][-]{subsubsection.1.3.4}{Characteristic Polynomial}{subsection.1.3}% 13
\BOOKMARK [3][-]{subsubsection.1.3.5}{Zero Stability}{subsection.1.3}% 14
\BOOKMARK [3][-]{subsubsection.1.3.6}{Interpolation}{subsection.1.3}% 15
\BOOKMARK [3][-]{subsubsection.1.3.7}{Collocation}{subsection.1.3}% 16
\BOOKMARK [2][-]{subsection.1.4}{Aim and Objective}{section.1}% 17
\BOOKMARK [1][-]{section.2}{Literature Review}{}% 18
\BOOKMARK [1][-]{section.3}{Methodology}{}% 19
\BOOKMARK [2][-]{subsection.3.1}{Statement of Problem}{section.3}% 20
\BOOKMARK [2][-]{subsection.3.2}{Derivation of Method}{section.3}% 21
\BOOKMARK [2][-]{subsection.3.3}{Scheme specification}{section.3}% 22
\BOOKMARK [2][-]{subsection.3.4}{Result Analysis}{section.3}% 23
\BOOKMARK [1][-]{section.4}{Appendix}{}% 24
\BOOKMARK [1][-]{section.4}{Appendix}{}% 25
