\BOOKMARK [0][-]{chapter*.1}{Certification}{}% 1
\BOOKMARK [0][-]{chapter*.2}{Dedications}{}% 2
\BOOKMARK [0][-]{chapter*.3}{Acknowledgements}{}% 3
\BOOKMARK [0][-]{chapter*.4}{Abstracts}{}% 4
\BOOKMARK [0][-]{chapter.1}{CHAPTER ONE: INTRODUCTION}{}% 5
\BOOKMARK [1][-]{section.1.1}{Background Information}{chapter.1}% 6
\BOOKMARK [1][-]{section.1.2}{Differential Equations}{chapter.1}% 7
\BOOKMARK [2][-]{subsection.1.2.1}{Types of Differential Equations}{section.1.2}% 8
\BOOKMARK [2][-]{subsection.1.2.2}{Classification of Differential Equations}{section.1.2}% 9
\BOOKMARK [2][-]{subsection.1.2.3}{Type of function}{section.1.2}% 10
\BOOKMARK [2][-]{subsection.1.2.4}{Problems of a Differential Equation}{section.1.2}% 11
\BOOKMARK [2][-]{subsection.1.2.5}{Solution of Differential Equation}{section.1.2}% 12
\BOOKMARK [1][-]{section.1.3}{Basic Concept and Principles}{chapter.1}% 13
\BOOKMARK [2][-]{subsection.1.3.1}{Power Series}{section.1.3}% 14
\BOOKMARK [2][-]{subsection.1.3.2}{Taylor's Theorem}{section.1.3}% 15
\BOOKMARK [2][-]{subsection.1.3.3}{Linear Multi-step Method}{section.1.3}% 16
\BOOKMARK [2][-]{subsection.1.3.4}{Characteristic Polynomial}{section.1.3}% 17
\BOOKMARK [2][-]{subsection.1.3.5}{Zero Stability}{section.1.3}% 18
\BOOKMARK [2][-]{subsection.1.3.6}{Interpolation}{section.1.3}% 19
\BOOKMARK [2][-]{subsection.1.3.7}{Collocation}{section.1.3}% 20
\BOOKMARK [0][-]{chapter.2}{CHAPTER TWO: LITERATURE REVIEW}{}% 21
\BOOKMARK [0][-]{chapter.3}{CHAPTER THREE: METHODOLOGY}{}% 22
\BOOKMARK [1][-]{section.3.1}{Derivation of Scheme}{chapter.3}% 23
\BOOKMARK [0][-]{chapter*.16}{References}{}% 24
